洪水场次聚类共分为1类
特征1: 共2场洪水，平均最大降雨20.0，平均最大流量245.25
特征1参数率定：
初始化采样
====================================================================================================
n_gen  |  n_eval  | train_max | train_mean | train_std | flood_volume_dif | time_dif | max_flood_dif
====================================================================================================
     1 |        4 |  0.986558 |  0.168165 |  0.685486 |  0.9189 |  0.5000 |  0.8634
     2 |        8 |  0.986558 |  0.864354 |  0.105955 |  0.7228 |  0.5000 |  0.6454
     3 |       12 |  0.986558 |  0.969398 |  0.023984 |  0.8938 |   0E+00 |  0.9579
     4 |       16 |  0.986558 |  0.977832 |  0.009562 |  0.9427 |  0.5000 |  0.6655
     5 |       20 |  0.986706 |  0.985763 |  0.001472 |  0.9434 |  0.5000 |  0.9109
     6 |       24 |  0.986776 |  0.986712 |  0.000052 |  0.9434 |  0.5000 |  0.9084
     7 |       28 |  0.986871 |  0.986771 |  0.000063 |  0.9432 |  0.5000 |  0.9050
     8 |       32 |  0.987002 |  0.986897 |  0.000069 |  0.9432 |  0.5000 |  0.9081
     9 |       36 |  0.987073 |  0.986990 |  0.000061 |  0.9437 |  0.5000 |  0.9085
    10 |       40 |  0.987283 |  0.987108 |  0.000104 |  0.9432 |  0.5000 |  0.9075
    11 |       44 |  0.987283 |  0.987173 |  0.000101 |  0.9437 |  0.5000 |  0.9105
    12 |       48 |  0.987283 |  0.987244 |  0.000039 |  0.9427 |  0.5000 |  0.9065
    13 |       52 |  0.987835 |  0.987417 |  0.000241 |  0.9436 |  0.5000 |  0.9056
    14 |       56 |  0.987836 |  0.987679 |  0.000229 |  0.9437 |  0.5000 |  0.9107
    15 |       60 |  0.988091 |  0.987899 |  0.000110 |  0.9488 |  0.5000 |  0.9173
    16 |       64 |  0.988091 |  0.987962 |  0.000127 |  0.9436 |  0.5000 |  0.9117
    17 |       68 |  0.988091 |  0.988045 |  0.000076 |  0.9487 |  0.5000 |  0.9189
    18 |       72 |  0.988114 |  0.988099 |  9.94E-06 |  0.9488 |  0.5000 |  0.9173
    19 |       76 |  0.988114 |  0.988109 |  4.96E-06 |  0.9488 |  0.5000 |  0.9173
    20 |       80 |  0.988124 |  0.988116 |  4.84E-06 |  0.9488 |  0.5000 |  0.9173
Generation: 1
Population Size: 4
本代最佳参数: [0.4162 0.6786 0.4296 0.9184 0.4654 0.5037 0.7314 0.9967 0.1849 0.182
 0.8884 0.3135 0.1412 0.5427 0.6652]
适应度R2: 0.9865583733094625
----------------------------------------
Generation: 2
Population Size: 4
本代最佳参数: [0.4162 0.6786 0.4296 0.9184 0.4654 0.5037 0.7314 0.9967 0.1849 0.182
 0.8884 0.3135 0.1412 0.5427 0.6652]
适应度R2: 0.9865583733094625
----------------------------------------
Generation: 3
Population Size: 4
本代最佳参数: [0.4162 0.6786 0.4296 0.9184 0.4654 0.5037 0.7314 0.9967 0.1849 0.182
 0.8884 0.3135 0.1412 0.5427 0.6652]
适应度R2: 0.9865583733094625
----------------------------------------
Generation: 4
Population Size: 4
本代最佳参数: [0.4162 0.6786 0.4296 0.9184 0.4654 0.5037 0.7314 0.9967 0.1849 0.182
 0.8884 0.3135 0.1412 0.5427 0.6652]
适应度R2: 0.9865583733094625
----------------------------------------
Generation: 5
Population Size: 4
本代最佳参数: [0.4162 0.676  0.4296 0.9184 0.4654 0.5037 0.7314 0.9967 0.1849 0.2255
 0.8884 0.3197 0.1411 0.5432 0.6652]
适应度R2: 0.9867058936562292
----------------------------------------
Generation: 6
Population Size: 4
本代最佳参数: [0.4162 0.6785 0.4295 0.9185 0.4654 0.5035 0.7314 0.9967 0.2075 0.1832
 0.8865 0.3197 0.1411 0.5432 0.6652]
适应度R2: 0.9867764708316371
----------------------------------------
Generation: 7
Population Size: 4
本代最佳参数: [0.4162 0.6785 0.4295 0.9209 0.4668 0.5035 0.7314 0.9967 0.1811 0.1832
 0.8865 0.3201 0.1411 0.5343 0.6652]
适应度R2: 0.9868712230157063
----------------------------------------
Generation: 8
Population Size: 4
本代最佳参数: [0.4162 0.6785 0.4294 0.9207 0.4668 0.5421 0.7314 0.9967 0.1814 0.1832
 0.8865 0.3194 0.1412 0.5345 0.6652]
适应度R2: 0.9870018081654355
----------------------------------------
Generation: 9
Population Size: 4
本代最佳参数: [0.4066 0.6785 0.4294 0.8926 0.4668 0.5506 0.7314 0.9977 0.1814 0.1832
 0.8865 0.3194 0.1412 0.5345 0.6652]
适应度R2: 0.9870731432623921
----------------------------------------
Generation: 10
Population Size: 4
本代最佳参数: [0.4066 0.6785 0.4294 0.8933 0.4668 0.5422 0.7314 0.9977 0.1814 0.1832
 0.8865 0.3238 0.1412 0.5345 0.6652]
适应度R2: 0.9872825363592513
----------------------------------------
Generation: 11
Population Size: 4
本代最佳参数: [0.4066 0.6785 0.4294 0.8933 0.4668 0.5422 0.7314 0.9977 0.1814 0.1832
 0.8865 0.3238 0.1412 0.5345 0.6652]
适应度R2: 0.9872825363592513
----------------------------------------
Generation: 12
Population Size: 4
本代最佳参数: [0.4066 0.6785 0.4294 0.8933 0.4668 0.5422 0.7314 0.9977 0.1814 0.1832
 0.8865 0.3238 0.1412 0.5345 0.6652]
适应度R2: 0.9872825363592513
----------------------------------------
Generation: 13
Population Size: 4
本代最佳参数: [0.4066 0.6785 0.4294 0.8933 0.4668 0.5422 0.7314 0.9989 0.1814 0.1832
 0.8865 0.3231 0.1412 0.5345 0.6553]
适应度R2: 0.9878351863739729
----------------------------------------
Generation: 14
Population Size: 4
本代最佳参数: [0.4066 0.6785 0.4294 0.8933 0.4668 0.5422 0.7314 0.9989 0.1814 0.1832
 0.8865 0.3231 0.1412 0.5339 0.6553]
适应度R2: 0.9878355787154653
----------------------------------------
Generation: 15
Population Size: 4
本代最佳参数: [0.2978 0.6785 0.4294 0.8933 0.4364 0.5422 0.7314 0.999  0.1814 0.1832
 0.8865 0.3231 0.1412 0.5165 0.6553]
适应度R2: 0.9880905558105063
----------------------------------------
Generation: 16
Population Size: 4
本代最佳参数: [0.2978 0.6785 0.4294 0.8933 0.4364 0.5422 0.7314 0.999  0.1814 0.1832
 0.8865 0.3231 0.1412 0.5165 0.6553]
适应度R2: 0.9880905558105063
----------------------------------------
Generation: 17
Population Size: 4
本代最佳参数: [0.2978 0.6785 0.4294 0.8933 0.4364 0.5422 0.7314 0.999  0.1814 0.1832
 0.8865 0.3231 0.1412 0.5165 0.6553]
适应度R2: 0.9880905558105063
----------------------------------------
Generation: 18
Population Size: 4
本代最佳参数: [0.2978 0.6785 0.4294 0.8962 0.4364 0.5422 0.7314 0.999  0.1814 0.1832
 0.8865 0.3231 0.1412 0.5165 0.6553]
适应度R2: 0.9881138232572355
----------------------------------------
Generation: 19
Population Size: 4
本代最佳参数: [0.2978 0.6785 0.4294 0.8962 0.4364 0.5422 0.7314 0.999  0.1814 0.1832
 0.8865 0.3231 0.1412 0.5165 0.6553]
适应度R2: 0.9881138232572355
----------------------------------------
Generation: 20
Population Size: 4
本代最佳参数: [0.2978 0.6785 0.4294 0.8962 0.4364 0.5422 0.7314 0.999  0.1691 0.1832
 0.8865 0.3231 0.1983 0.5165 0.6553]
适应度R2: 0.9881237204738168
----------------------------------------
最佳参数：[0.2978 0.6785 0.4294 0.8962 0.4364 0.5422 0.7314 0.999  0.1691 0.1832
 0.8865 0.3231 0.1983 0.5165 0.6553]
优化算法总耗时21.89s
洪水场次聚类共分为1类
特征1: 共1场洪水，平均最大降雨20.0，平均最大流量453.31
特征2参数率定：
初始化采样
====================================================================================================
n_gen  |  n_eval  | train_max | train_mean | train_std | flood_volume_dif | time_dif | max_flood_dif
====================================================================================================
     1 |        4 |  0.986671 | -2.41E-01 |  0.916977 |  0.7203 |   1E+01 |  0.5442
     2 |        8 |  0.986671 |  0.821425 |  0.180289 |  0.9807 |  2.0000 |  0.9753
     3 |       12 |  0.989232 |  0.978408 |  0.014688 |  0.9897 |  1.0000 |  0.9467
     4 |       16 |  0.989232 |  0.988376 |  0.001032 |  0.9660 |  1.0000 |  0.9302
     5 |       20 |  0.990826 |  0.989640 |  0.000688 |  0.9813 |   0E+00 |  0.9974
     6 |       24 |  0.990826 |  0.990389 |  0.000531 |  0.9700 |  1.0000 |  0.9518
     7 |       28 |  0.991170 |  0.990844 |  0.000196 |  0.9898 |   0E+00 |  0.9652
     8 |       32 |  0.992466 |  0.991322 |  0.000675 |  0.9773 |  1.0000 |  0.9578
     9 |       36 |  0.992466 |  0.991737 |  0.000700 |  0.9820 |   0E+00 |  0.9594
    10 |       40 |  0.992560 |  0.992433 |  0.000091 |  0.9855 |   0E+00 |  0.9639
    11 |       44 |  0.992560 |  0.992507 |  0.000041 |  0.9991 |   0E+00 |  0.9834
    12 |       48 |  0.992654 |  0.992578 |  0.000045 |  0.9982 |   0E+00 |  0.9844
    13 |       52 |  0.992654 |  0.992593 |  0.000037 |  0.9985 |   0E+00 |  0.9825
    14 |       56 |  0.992655 |  0.992639 |  0.000027 |  0.9983 |   0E+00 |  0.9818
    15 |       60 |  0.992726 |  0.992685 |  0.000031 |  0.9731 |  1.0000 |  0.9366
    16 |       64 |  0.992914 |  0.992762 |  0.000088 |  0.9977 |   0E+00 |  0.9877
    17 |       68 |  0.992914 |  0.992777 |  0.000079 |  0.9994 |   0E+00 |  0.9597
    18 |       72 |  0.992939 |  0.992866 |  0.000079 |  0.9982 |   0E+00 |  0.9771
    19 |       76 |  0.992940 |  0.992926 |  0.000013 |  0.9984 |   0E+00 |  0.9874
    20 |       80 |  0.993497 |  0.993112 |  0.000229 |  0.9686 |   0E+00 |  0.9785
Generation: 1
Population Size: 4
本代最佳参数: [0.3585 0.615  0.5968 0.8339 0.3134 0.0796 0.2716 0.3726 0.1688 0.6671
 0.3501 0.1178 0.0075 0.9184 0.1233]
适应度R2: 0.9866713147533119
----------------------------------------
Generation: 2
Population Size: 4
本代最佳参数: [0.3585 0.615  0.5968 0.8339 0.3134 0.0796 0.2716 0.3726 0.1688 0.6671
 0.3501 0.1178 0.0075 0.9184 0.1233]
适应度R2: 0.9866713147533119
----------------------------------------
Generation: 3
Population Size: 4
本代最佳参数: [0.3103 0.623  0.58   0.8339 0.3134 0.0926 0.2722 0.3062 0.1688 0.6671
 0.2399 0.1023 0.0111 0.9184 0.1233]
适应度R2: 0.9892320324045337
----------------------------------------
Generation: 4
Population Size: 4
本代最佳参数: [0.3103 0.623  0.58   0.8339 0.3134 0.0926 0.2722 0.3062 0.1688 0.6671
 0.2399 0.1023 0.0111 0.9184 0.1233]
适应度R2: 0.9892320324045337
----------------------------------------
Generation: 5
Population Size: 4
本代最佳参数: [0.2575 0.6232 0.5963 0.8339 0.3134 0.0796 0.2716 0.3203 0.1688 0.6671
 0.2448 0.1178 0.0075 0.9184 0.1233]
适应度R2: 0.9908259253106677
----------------------------------------
Generation: 6
Population Size: 4
本代最佳参数: [0.2575 0.6232 0.5963 0.8339 0.3134 0.0796 0.2716 0.3203 0.1688 0.6671
 0.2448 0.1178 0.0075 0.9184 0.1233]
适应度R2: 0.9908259253106677
----------------------------------------
Generation: 7
Population Size: 4
本代最佳参数: [0.3196 0.6232 0.5327 0.8339 0.3134 0.0796 0.2716 0.3203 0.1688 0.6671
 0.2448 0.1026 0.0075 0.9184 0.0907]
适应度R2: 0.9911701989948948
----------------------------------------
Generation: 8
Population Size: 4
本代最佳参数: [0.3196 0.6232 0.5339 0.8339 0.27   0.0796 0.2716 0.3203 0.1688 0.6671
 0.2448 0.1026 0.0075 0.9184 0.0919]
适应度R2: 0.9924657304750554
----------------------------------------
Generation: 9
Population Size: 4
本代最佳参数: [0.3196 0.6232 0.5339 0.8339 0.27   0.0796 0.2716 0.3203 0.1688 0.6671
 0.2448 0.1026 0.0075 0.9184 0.0919]
适应度R2: 0.9924657304750554
----------------------------------------
Generation: 10
Population Size: 4
本代最佳参数: [0.3196 0.6232 0.5181 0.8339 0.27   0.0796 0.2716 0.3203 0.1688 0.6671
 0.2448 0.1026 0.0075 0.9184 0.0919]
适应度R2: 0.9925595013350753
----------------------------------------
Generation: 11
Population Size: 4
本代最佳参数: [0.3196 0.6232 0.5181 0.8339 0.27   0.0796 0.2716 0.3203 0.1688 0.6671
 0.2448 0.1026 0.0075 0.9184 0.0919]
适应度R2: 0.9925595013350753
----------------------------------------
Generation: 12
Population Size: 4
本代最佳参数: [0.3196 0.6232 0.4931 0.8339 0.27   0.0796 0.2716 0.3203 0.1688 0.6671
 0.2448 0.1026 0.0077 0.9184 0.0919]
适应度R2: 0.9926539237655818
----------------------------------------
Generation: 13
Population Size: 4
本代最佳参数: [0.3196 0.6232 0.4931 0.8339 0.27   0.0796 0.2716 0.3203 0.1688 0.6671
 0.2448 0.1026 0.0077 0.9184 0.0919]
适应度R2: 0.9926539237655818
----------------------------------------
Generation: 14
Population Size: 4
本代最佳参数: [0.3196 0.6232 0.4926 0.8339 0.27   0.0796 0.2716 0.3203 0.1688 0.6671
 0.2448 0.1026 0.0075 0.9184 0.0919]
适应度R2: 0.9926553087378942
----------------------------------------
Generation: 15
Population Size: 4
本代最佳参数: [0.3196 0.6232 0.4931 0.8353 0.27   0.0796 0.3091 0.3203 0.1688 0.6671
 0.2448 0.1026 0.0077 0.9184 0.0639]
适应度R2: 0.9927261003927604
----------------------------------------
Generation: 16
Population Size: 4
本代最佳参数: [0.3196 0.6232 0.4931 0.8352 0.27   0.0796 0.3093 0.3083 0.1688 0.6673
 0.2448 0.1026 0.0075 0.9184 0.0937]
适应度R2: 0.992914096600156
----------------------------------------
Generation: 17
Population Size: 4
本代最佳参数: [0.3196 0.6232 0.4931 0.8352 0.27   0.0796 0.3093 0.3083 0.1688 0.6673
 0.2448 0.1026 0.0075 0.9184 0.0937]
适应度R2: 0.992914096600156
----------------------------------------
Generation: 18
Population Size: 4
本代最佳参数: [0.3196 0.6232 0.4931 0.8352 0.27   0.0796 0.3092 0.3083 0.2338 0.667
 0.2269 0.1026 0.0073 0.9184 0.0937]
适应度R2: 0.9929389964802716
----------------------------------------
Generation: 19
Population Size: 4
本代最佳参数: [0.3196 0.6232 0.4931 0.8352 0.27   0.0796 0.3092 0.3083 0.2343 0.667
 0.2269 0.1026 0.0074 0.9184 0.0937]
适应度R2: 0.9929401466366838
----------------------------------------
Generation: 20
Population Size: 4
本代最佳参数: [0.3196 0.6232 0.4931 0.8352 0.27   0.0796 0.3092 0.2867 0.2338 0.667
 0.2269 0.1026 0.0074 0.9184 0.0937]
适应度R2: 0.9934972718478184
----------------------------------------
最佳参数：[0.3196 0.6232 0.4931 0.8352 0.27   0.0796 0.3092 0.2867 0.2338 0.667
 0.2269 0.1026 0.0074 0.9184 0.0937]
优化算法总耗时20.37s
